<?xml version="1.0"?>
<!--Phoronix Test Suite v5.2.1 (Khanino)-->
<?xml-stylesheet type="text/xsl" href="pts-results-viewer.xsl"?>
<PhoronixTestSuite>
  <Generated>
    <Title>compression-result</Title>
    <LastModified>2015-12-11 04:35:38</LastModified>
    <TestClient>Phoronix Test Suite v5.2.1 (Khanino)</TestClient>
    <Description>Intel Core i5-2400 testing with a Dell 0V5HMK and Intel HD 2000 on iSoft Enterprise Desktop 4.0 via the Phoronix Test Suite.</Description>
    <PreSetEnvironmentVariables></PreSetEnvironmentVariables>
  </Generated>
  <System>
    <Identifier>compression-conf</Identifier>
    <Hardware>Processor: Intel Core i5-2400 @ 3.40GHz (4 Cores), Motherboard: Dell 0V5HMK, Chipset: Intel 2nd Generation Core Family DRAM, Memory: 2 x 2048 MB DDR3-1333MHz, Disk: 500GB Seagate ST500DM002-1BD14 + 1000GB Hitachi HUA72201, Graphics: Intel HD 2000 (1100MHz), Audio: Realtek ALC269VB, Network: Intel 82579LM Gigabit Connection</Hardware>
    <Software>OS: iSoft Enterprise Desktop 4.0, Kernel: 4.4.0-10 (x86_64), Desktop: KDE Frameworks 5, Display Server: X Server 1.18.0, Display Driver: intel 2.99.917, OpenGL: 3.3 Mesa 11.2.0-devel, Compiler: Open64 PARSE ERROR: Argument:-dump  Couldn t find match for argumentBrief USAGE:  opencc [--noflush &lt;bool&gt;] [-i &lt;file&gt;] [-o &lt;file&gt;] [-c &lt;file&gt;] [--] [-- ] [-h]For complete USAGE and HELP type:  opencc--help + Clang 3.7.0 (SVN 252402) + LLVM 3.7.0, File-System: ext4, Screen Resolution: 1440x900</Software>
    <User></User>
    <TimeStamp>2015-12-11 04:35:38</TimeStamp>
    <TestClientVersion>5.2.1</TestClientVersion>
    <Notes></Notes>
    <JSON>{"cpu-scaling-governor":"intel_pstate powersave"}</JSON>
  </System>
  <Result>
    <Identifier>pts/compress-gzip-1.1.0</Identifier>
    <Title>Gzip Compression</Title>
    <AppVersion></AppVersion>
    <Arguments></Arguments>
    <Description>2GB File Compression</Description>
    <Scale>Seconds</Scale>
    <Proportion>LIB</Proportion>
    <DisplayFormat>BAR_GRAPH</DisplayFormat>
    <Data>
      <Entry>
        <Identifier>compression-conf</Identifier>
        <Value>15.81</Value>
        <RawString>15.644466876984:16.172879934311:15.618426084518</RawString>
      </Entry>
    </Data>
  </Result>
  <Result>
    <Identifier>pts/compress-lzma-1.2.0</Identifier>
    <Title>LZMA Compression</Title>
    <AppVersion></AppVersion>
    <Arguments></Arguments>
    <Description>256MB File Compression</Description>
    <Scale>Seconds</Scale>
    <Proportion>LIB</Proportion>
    <DisplayFormat>BAR_GRAPH</DisplayFormat>
    <Data>
      <Entry>
        <Identifier>compression-conf</Identifier>
        <Value>137.04</Value>
        <RawString>136.84719800949:137.37672495842:136.90602993965</RawString>
        <JSON>{"compiler-options":{"compiler-type":"CXX","compiler":"g++","compiler-options":"-O2"}}</JSON>
      </Entry>
    </Data>
  </Result>
</PhoronixTestSuite>
