<?xml version="1.0"?>
<!--Phoronix Test Suite v5.2.1 (Khanino)-->
<?xml-stylesheet type="text/xsl" href="pts-results-viewer.xsl"?>
<PhoronixTestSuite>
  <Result>
    <Identifier>pts/encode-ape-1.3.0</Identifier>
    <Title>Monkey Audio Encoding</Title>
    <AppVersion>3.99u4b5s6</AppVersion>
    <Arguments></Arguments>
    <Description>WAV To APE</Description>
    <Scale>Seconds</Scale>
    <Proportion>LIB</Proportion>
    <DisplayFormat>BAR_GRAPH</DisplayFormat>
    <Data>
      <Entry>
        <Identifier>encoding-conf</Identifier>
        <Value>13.05</Value>
        <RawString>13.077976942062:13.019299983978:13.064945936203:13.042470932007:13.056627988815</RawString>
        <JSON>{"compiler-options":{"compiler-type":"CXX","compiler":"g++","compiler-options":"-O3 -pedantic"}}</JSON>
      </Entry>
    </Data>
  </Result>
  <Result>
    <Identifier>pts/encode-flac-1.5.0</Identifier>
    <Title>FLAC Audio Encoding</Title>
    <AppVersion>1.3.1</AppVersion>
    <Arguments></Arguments>
    <Description>WAV To FLAC</Description>
    <Scale>Seconds</Scale>
    <Proportion>LIB</Proportion>
    <DisplayFormat>BAR_GRAPH</DisplayFormat>
    <Data>
      <Entry>
        <Identifier>encoding-conf</Identifier>
        <Value>9.48</Value>
        <RawString>9.4787139892578:9.4730560779572:9.485228061676:9.4839038848877:9.472140789032</RawString>
        <JSON>{"compiler-options":{"compiler-type":"CXX","compiler":"g++","compiler-options":"-O2 -fvisibility=hidden -logg -lm"}}</JSON>
      </Entry>
    </Data>
  </Result>
  <Result>
    <Identifier>pts/encode-mp3-1.4.0</Identifier>
    <Title>LAME MP3 Encoding</Title>
    <AppVersion>3.99.3</AppVersion>
    <Arguments></Arguments>
    <Description>WAV To MP3</Description>
    <Scale>Seconds</Scale>
    <Proportion>LIB</Proportion>
    <DisplayFormat>BAR_GRAPH</DisplayFormat>
    <Data>
      <Entry>
        <Identifier>encoding-conf</Identifier>
        <Value>15.77</Value>
        <RawString>15.733613014221:15.762171030045:15.766134977341:15.765264034271:15.840852022171</RawString>
        <JSON>{"compiler-options":{"compiler-type":"CC","compiler":"gcc","compiler-options":"-O3 -fomit-frame-pointer -ffast-math -pipe -lncurses -lm"}}</JSON>
      </Entry>
    </Data>
  </Result>
  <Result>
    <Identifier>pts/encode-wavpack-1.2.0</Identifier>
    <Title>WavPack Audio Encoding</Title>
    <AppVersion>4.41.0</AppVersion>
    <Arguments></Arguments>
    <Description>WAV To WavPack</Description>
    <Scale>Seconds</Scale>
    <Proportion>LIB</Proportion>
    <DisplayFormat>BAR_GRAPH</DisplayFormat>
    <Data>
      <Entry>
        <Identifier>encoding-conf</Identifier>
        <Value>11.01</Value>
        <RawString>10.969391822815:11.01033616066:11.005223989487:11.022472858429:11.018254995346</RawString>
        <JSON>{"compiler-options":{"compiler-type":"CC","compiler":"gcc","compiler-options":"-O2 -lm"}}</JSON>
      </Entry>
    </Data>
  </Result>
</PhoronixTestSuite>
