<?xml version="1.0"?>
<!--Phoronix Test Suite v5.2.1 (Khanino)-->
<?xml-stylesheet type="text/xsl" href="pts-results-viewer.xsl"?>
<PhoronixTestSuite>
  <Generated>
    <Title>compression-result</Title>
    <LastModified>2015-09-24 01:02:33</LastModified>
    <TestClient>Phoronix Test Suite v5.2.1 (Khanino)</TestClient>
    <Description>Intel Core i5-2400 testing with a Dell 0V5HMK and Intel Gen6 on Fedora 22 via the Phoronix Test Suite.</Description>
    <PreSetEnvironmentVariables></PreSetEnvironmentVariables>
  </Generated>
  <System>
    <Identifier>compression-conf</Identifier>
    <Hardware>Processor: Intel Core i5-2400 @ 3.40GHz (4 Cores), Motherboard: Dell 0V5HMK, Chipset: Intel 2nd Generation Core Family DRAM, Memory: 2 x 2048 MB DDR3-1333MHz, Disk: 500GB Seagate ST500DM002-1BD14 + 1000GB Hitachi HUA72201, Graphics: Intel Gen6, Audio: Intel 6 /C200, Network: Intel 82579LM Gigabit Connection</Hardware>
    <Software>OS: Fedora 22, Kernel: 4.0.4-301.fc22.x86_64+debug (x86_64), Desktop: GNOME Shell 3.16.2, Display Server: X Server 1.17.1, OpenGL: 3.3 Mesa 10.5.4, Compiler: GCC 5.1.1 20150618 + Clang 3.5.0 + LLVM 3.5.0, File-System: ext4, Screen Resolution: 1440x900</Software>
    <User></User>
    <TimeStamp>2015-09-24 01:02:33</TimeStamp>
    <TestClientVersion>5.2.1</TestClientVersion>
    <Notes>SELinux: Enabled.</Notes>
    <JSON>{"cpu-scaling-governor":"intel_pstate powersave"}</JSON>
  </System>
  <Result>
    <Identifier>pts/compress-7zip-1.6.0</Identifier>
    <Title>7-Zip Compression</Title>
    <AppVersion>9.20.1</AppVersion>
    <Arguments></Arguments>
    <Description>Compress Speed Test</Description>
    <Scale>MIPS</Scale>
    <Proportion>HIB</Proportion>
    <DisplayFormat>BAR_GRAPH</DisplayFormat>
    <Data>
      <Entry>
        <Identifier>compression-conf</Identifier>
        <Value>11066</Value>
        <RawString>10975:11056:11168</RawString>
        <JSON>{"compiler-options":{"compiler-type":"CXX","compiler":"g++","compiler-options":"-pipe -lpthread"}}</JSON>
      </Entry>
    </Data>
  </Result>
  <Result>
    <Identifier>pts/compress-pbzip2-1.4.0</Identifier>
    <Title>Parallel BZIP2 Compression</Title>
    <AppVersion>1.1.6</AppVersion>
    <Arguments></Arguments>
    <Description>256MB File Compression</Description>
    <Scale>Seconds</Scale>
    <Proportion>LIB</Proportion>
    <DisplayFormat>BAR_GRAPH</DisplayFormat>
    <Data>
      <Entry>
        <Identifier>compression-conf</Identifier>
        <Value>12.41</Value>
        <RawString>12.68329501152:12.635916948318:11.890184879303:12.448850870132</RawString>
        <JSON>{"compiler-options":{"compiler-type":"CXX","compiler":"g++","compiler-options":"-O2 -pthread -lbz2 -lpthread"}}</JSON>
      </Entry>
    </Data>
  </Result>
  <Result>
    <Identifier>pts/compress-gzip-1.1.0</Identifier>
    <Title>Gzip Compression</Title>
    <AppVersion></AppVersion>
    <Arguments></Arguments>
    <Description>2GB File Compression</Description>
    <Scale>Seconds</Scale>
    <Proportion>LIB</Proportion>
    <DisplayFormat>BAR_GRAPH</DisplayFormat>
    <Data>
      <Entry>
        <Identifier>compression-conf</Identifier>
        <Value>15.92</Value>
        <RawString>16.661993980408:15.769474983215:15.621215105057:15.633538007736</RawString>
      </Entry>
    </Data>
  </Result>
  <Result>
    <Identifier>pts/compress-lzma-1.2.0</Identifier>
    <Title>LZMA Compression</Title>
    <AppVersion></AppVersion>
    <Arguments></Arguments>
    <Description>256MB File Compression</Description>
    <Scale>Seconds</Scale>
    <Proportion>LIB</Proportion>
    <DisplayFormat>BAR_GRAPH</DisplayFormat>
    <Data>
      <Entry>
        <Identifier>compression-conf</Identifier>
        <Value>150.33</Value>
        <RawString>151.28783106804:149.67319202423:150.03030705452</RawString>
        <JSON>{"compiler-options":{"compiler-type":"CXX","compiler":"g++","compiler-options":"-O2"}}</JSON>
      </Entry>
    </Data>
  </Result>
</PhoronixTestSuite>
