<?xml version="1.0"?>
<!--Phoronix Test Suite v5.2.1 (Khanino)-->
<?xml-stylesheet type="text/xsl" href="pts-results-viewer.xsl"?>
<PhoronixTestSuite>
  <Result>
    <Identifier>pts/hmmer-1.1.0</Identifier>
    <Title>Timed HMMer Search</Title>
    <AppVersion>2.3.2</AppVersion>
    <Arguments></Arguments>
    <Description>Pfam Database Search</Description>
    <Scale>Seconds</Scale>
    <Proportion>LIB</Proportion>
    <DisplayFormat>BAR_GRAPH</DisplayFormat>
    <Data>
      <Entry>
        <Identifier>compiler-conf</Identifier>
        <Value>16.95</Value>
        <RawString>19.674750089645:16.414855957031:16.341597080231:16.408409118652:16.427886009216:16.453054904938</RawString>
        <JSON>{"compiler-options":{"compiler-type":"CC","compiler":"gcc","compiler-options":"-O2 -pthread -lhmmer -lsquid -lm"}}</JSON>
      </Entry>
    </Data>
  </Result>
  <Result>
    <Identifier>pts/gcrypt-1.0.3</Identifier>
    <Title>Gcrypt Library</Title>
    <AppVersion>1.4.4</AppVersion>
    <Arguments></Arguments>
    <Description>CAMELLIA256-ECB Cipher</Description>
    <Scale>Microseconds</Scale>
    <Proportion>LIB</Proportion>
    <DisplayFormat>BAR_GRAPH</DisplayFormat>
    <Data>
      <Entry>
        <Identifier>compiler-conf</Identifier>
        <Value>2673</Value>
        <RawString>2690:2670:2660</RawString>
        <JSON>{"compiler-options":{"compiler-type":"CC","compiler":"gcc","compiler-options":"-O2 -fvisibility=hidden"}}</JSON>
      </Entry>
    </Data>
  </Result>
  <Result>
    <Identifier>pts/john-the-ripper-1.5.1</Identifier>
    <Title>John The Ripper</Title>
    <AppVersion>1.8.0</AppVersion>
    <Arguments>BLOWFISH</Arguments>
    <Description>Test: Blowfish</Description>
    <Scale>Real C/S</Scale>
    <Proportion>HIB</Proportion>
    <DisplayFormat>BAR_GRAPH</DisplayFormat>
    <Data>
      <Entry>
        <Identifier>compiler-conf</Identifier>
        <Value>2917</Value>
        <RawString>2928:2902:2922</RawString>
        <JSON>{"compiler-options":{"compiler-type":"CC","compiler":"gcc","compiler-options":"-fopenmp -lcrypt"}}</JSON>
      </Entry>
    </Data>
  </Result>
  <Result>
    <Identifier>pts/graphics-magick-1.6.1</Identifier>
    <Title>GraphicsMagick</Title>
    <AppVersion>1.3.19</AppVersion>
    <Arguments>-sharpen 0x1.0</Arguments>
    <Description>Operation: Sharpen</Description>
    <Scale>Iterations Per Minute</Scale>
    <Proportion>HIB</Proportion>
    <DisplayFormat>BAR_GRAPH</DisplayFormat>
    <Data>
      <Entry>
        <Identifier>compiler-conf</Identifier>
        <Value>43</Value>
        <RawString>42:43:43</RawString>
        <JSON>{"compiler-options":{"compiler-type":"CC","compiler":"gcc","compiler-options":"-std=gnu99 -fopenmp -O2 -pthread -lfreetype -ljpeg -lXext -lSM -lICE -lX11 -lbz2 -lxml2 -lz -lm -lgomp -lpthread"}}</JSON>
      </Entry>
    </Data>
  </Result>
  <Result>
    <Identifier>pts/graphics-magick-1.6.1</Identifier>
    <Title>GraphicsMagick</Title>
    <AppVersion>1.3.19</AppVersion>
    <Arguments>-resize 50%</Arguments>
    <Description>Operation: Resizing</Description>
    <Scale>Iterations Per Minute</Scale>
    <Proportion>HIB</Proportion>
    <DisplayFormat>BAR_GRAPH</DisplayFormat>
    <Data>
      <Entry>
        <Identifier>compiler-conf</Identifier>
        <Value>106</Value>
        <RawString>106:106:106</RawString>
        <JSON>{"compiler-options":{"compiler-type":"CC","compiler":"gcc","compiler-options":"-std=gnu99 -fopenmp -O2 -pthread -lfreetype -ljpeg -lXext -lSM -lICE -lX11 -lbz2 -lxml2 -lz -lm -lgomp -lpthread"}}</JSON>
      </Entry>
    </Data>
  </Result>
  <Result>
    <Identifier>pts/graphics-magick-1.6.1</Identifier>
    <Title>GraphicsMagick</Title>
    <AppVersion>1.3.19</AppVersion>
    <Arguments>-colorspace HWB</Arguments>
    <Description>Operation: HWB Color Space</Description>
    <Scale>Iterations Per Minute</Scale>
    <Proportion>HIB</Proportion>
    <DisplayFormat>BAR_GRAPH</DisplayFormat>
    <Data>
      <Entry>
        <Identifier>compiler-conf</Identifier>
        <Value>134</Value>
        <RawString>134:134:134</RawString>
        <JSON>{"compiler-options":{"compiler-type":"CC","compiler":"gcc","compiler-options":"-std=gnu99 -fopenmp -O2 -pthread -lfreetype -ljpeg -lXext -lSM -lICE -lX11 -lbz2 -lxml2 -lz -lm -lgomp -lpthread"}}</JSON>
      </Entry>
    </Data>
  </Result>
  <Result>
    <Identifier>pts/compress-7zip-1.6.0</Identifier>
    <Title>7-Zip Compression</Title>
    <AppVersion>9.20.1</AppVersion>
    <Arguments></Arguments>
    <Description>Compress Speed Test</Description>
    <Scale>MIPS</Scale>
    <Proportion>HIB</Proportion>
    <DisplayFormat>BAR_GRAPH</DisplayFormat>
    <Data>
      <Entry>
        <Identifier>compiler-conf</Identifier>
        <Value>11022</Value>
        <RawString>11032:10958:11077</RawString>
        <JSON>{"compiler-options":{"compiler-type":"CXX","compiler":"g++","compiler-options":"-pipe -lpthread"}}</JSON>
      </Entry>
    </Data>
  </Result>
  <Result>
    <Identifier>pts/build-apache-1.5.1</Identifier>
    <Title>Timed Apache Compilation</Title>
    <AppVersion>2.4.7</AppVersion>
    <Arguments></Arguments>
    <Description>Time To Compile</Description>
    <Scale>Seconds</Scale>
    <Proportion>LIB</Proportion>
    <DisplayFormat>BAR_GRAPH</DisplayFormat>
    <Data>
      <Entry>
        <Identifier>compiler-conf</Identifier>
        <Value>54.77</Value>
        <RawString>54.888866186142:54.400898933411:55.014285087585</RawString>
      </Entry>
    </Data>
  </Result>
  <Result>
    <Identifier>pts/build-imagemagick-1.7.1</Identifier>
    <Title>Timed ImageMagick Compilation</Title>
    <AppVersion>6.9.0</AppVersion>
    <Arguments></Arguments>
    <Description>Time To Compile</Description>
    <Scale>Seconds</Scale>
    <Proportion>LIB</Proportion>
    <DisplayFormat>BAR_GRAPH</DisplayFormat>
    <Data>
      <Entry>
        <Identifier>compiler-conf</Identifier>
        <Value>96.49</Value>
        <RawString>96.77929019928:96.376110076904:96.329287052155</RawString>
      </Entry>
    </Data>
  </Result>
  <Result>
    <Identifier>pts/build-php-1.3.1</Identifier>
    <Title>Timed PHP Compilation</Title>
    <AppVersion>5.2.9</AppVersion>
    <Arguments></Arguments>
    <Description>Time To Compile</Description>
    <Scale>Seconds</Scale>
    <Proportion>LIB</Proportion>
    <DisplayFormat>BAR_GRAPH</DisplayFormat>
    <Data>
      <Entry>
        <Identifier>compiler-conf</Identifier>
        <Value>75.12</Value>
        <RawString>74.88604092598:75.35565495491:75.122601985931</RawString>
        <JSON>{"compiler-options":{"compiler-type":"CC","compiler":"gcc","compiler-options":"-O2 -pedantic -ldl -lz -lm"}}</JSON>
      </Entry>
    </Data>
  </Result>
  <Result>
    <Identifier>pts/c-ray-1.1.0</Identifier>
    <Title>C-Ray</Title>
    <AppVersion>1.1</AppVersion>
    <Arguments></Arguments>
    <Description>Total Time</Description>
    <Scale>Seconds</Scale>
    <Proportion>LIB</Proportion>
    <DisplayFormat>BAR_GRAPH</DisplayFormat>
    <Data>
      <Entry>
        <Identifier>compiler-conf</Identifier>
        <Value>65.55</Value>
        <RawString>65.442:65.633:65.584</RawString>
        <JSON>{"compiler-options":{"compiler-type":"CC","compiler":"gcc","compiler-options":"-lm -lpthread -O3"}}</JSON>
      </Entry>
    </Data>
  </Result>
  <Result>
    <Identifier>pts/encode-mp3-1.4.0</Identifier>
    <Title>LAME MP3 Encoding</Title>
    <AppVersion>3.99.3</AppVersion>
    <Arguments></Arguments>
    <Description>WAV To MP3</Description>
    <Scale>Seconds</Scale>
    <Proportion>LIB</Proportion>
    <DisplayFormat>BAR_GRAPH</DisplayFormat>
    <Data>
      <Entry>
        <Identifier>compiler-conf</Identifier>
        <Value>15.93</Value>
        <RawString>16.146857976913:15.796154022217:15.786399126053:15.803973913193:16.138941049576</RawString>
        <JSON>{"compiler-options":{"compiler-type":"CC","compiler":"gcc","compiler-options":"-O3 -fomit-frame-pointer -ffast-math -pipe -lncurses -lm"}}</JSON>
      </Entry>
    </Data>
  </Result>
  <Result>
    <Identifier>pts/openssl-1.9.0</Identifier>
    <Title>OpenSSL</Title>
    <AppVersion>1.0.1g</AppVersion>
    <Arguments></Arguments>
    <Description>RSA 4096-bit Performance</Description>
    <Scale>Signs Per Second</Scale>
    <Proportion>HIB</Proportion>
    <DisplayFormat>BAR_GRAPH</DisplayFormat>
    <Data>
      <Entry>
        <Identifier>compiler-conf</Identifier>
        <Value>394.40</Value>
        <RawString>394.5:393.9:394.8</RawString>
        <JSON>{"compiler-options":{"compiler-type":"CC","compiler":"gcc","compiler-options":"-m64 -O3 -lssl -lcrypto -ldl"}}</JSON>
      </Entry>
    </Data>
  </Result>
</PhoronixTestSuite>
