<?xml version="1.0"?>
<!--Phoronix Test Suite v5.2.1 (Khanino)-->
<?xml-stylesheet type="text/xsl" href="pts-results-viewer.xsl"?>
<PhoronixTestSuite>
  <Generated>
    <Title>encoding-result</Title>
    <LastModified>2015-09-24 00:03:51</LastModified>
    <TestClient>Phoronix Test Suite v5.2.1 (Khanino)</TestClient>
    <Description>Intel Core i5-2400 testing with a Dell 0V5HMK and Intel Gen6 on Fedora 22 via the Phoronix Test Suite.</Description>
    <PreSetEnvironmentVariables></PreSetEnvironmentVariables>
  </Generated>
  <System>
    <Identifier>encoding-conf</Identifier>
    <Hardware>Processor: Intel Core i5-2400 @ 3.40GHz (4 Cores), Motherboard: Dell 0V5HMK, Chipset: Intel 2nd Generation Core Family DRAM, Memory: 2 x 2048 MB DDR3-1333MHz, Disk: 500GB Seagate ST500DM002-1BD14 + 1000GB Hitachi HUA72201, Graphics: Intel Gen6, Audio: Intel 6 /C200, Network: Intel 82579LM Gigabit Connection</Hardware>
    <Software>OS: Fedora 22, Kernel: 4.0.4-301.fc22.x86_64+debug (x86_64), Desktop: GNOME Shell 3.16.2, Display Server: X Server 1.17.1, OpenGL: 3.3 Mesa 10.5.4, Compiler: GCC 5.1.1 20150618 + Clang 3.5.0 + LLVM 3.5.0, File-System: ext4, Screen Resolution: 1440x900</Software>
    <User></User>
    <TimeStamp>2015-09-24 00:03:51</TimeStamp>
    <TestClientVersion>5.2.1</TestClientVersion>
    <Notes>SELinux: Enabled.</Notes>
    <JSON>{"cpu-scaling-governor":"intel_pstate powersave"}</JSON>
  </System>
  <Result>
    <Identifier>pts/encode-ape-1.3.0</Identifier>
    <Title>Monkey Audio Encoding</Title>
    <AppVersion>3.99u4b5s6</AppVersion>
    <Arguments></Arguments>
    <Description>WAV To APE</Description>
    <Scale>Seconds</Scale>
    <Proportion>LIB</Proportion>
    <DisplayFormat>BAR_GRAPH</DisplayFormat>
    <Data>
      <Entry>
        <Identifier>encoding-conf</Identifier>
        <Value>13.27</Value>
        <RawString>15.412816047668:13.039223909378:13.026783943176:13.042979955673:13.041156053543:13.039206027985:13.025684118271:13.040050029755:13.03738617897:13.042968034744</RawString>
        <JSON>{"compiler-options":{"compiler-type":"CXX","compiler":"g++","compiler-options":"-O3 -pedantic"}}</JSON>
      </Entry>
    </Data>
  </Result>
  <Result>
    <Identifier>pts/encode-flac-1.5.0</Identifier>
    <Title>FLAC Audio Encoding</Title>
    <AppVersion>1.3.1</AppVersion>
    <Arguments></Arguments>
    <Description>WAV To FLAC</Description>
    <Scale>Seconds</Scale>
    <Proportion>LIB</Proportion>
    <DisplayFormat>BAR_GRAPH</DisplayFormat>
    <Data>
      <Entry>
        <Identifier>encoding-conf</Identifier>
        <Value>9.47</Value>
        <RawString>9.4216639995575:9.4799768924713:9.4725098609924:9.5011739730835:9.4684529304504</RawString>
        <JSON>{"compiler-options":{"compiler-type":"CXX","compiler":"g++","compiler-options":"-O2 -fvisibility=hidden -logg -lm"}}</JSON>
      </Entry>
    </Data>
  </Result>
  <Result>
    <Identifier>pts/encode-mp3-1.4.0</Identifier>
    <Title>LAME MP3 Encoding</Title>
    <AppVersion>3.99.3</AppVersion>
    <Arguments></Arguments>
    <Description>WAV To MP3</Description>
    <Scale>Seconds</Scale>
    <Proportion>LIB</Proportion>
    <DisplayFormat>BAR_GRAPH</DisplayFormat>
    <Data>
      <Entry>
        <Identifier>encoding-conf</Identifier>
        <Value>15.78</Value>
        <RawString>15.840387105942:15.762614011765:15.770501852036:15.766469955444:15.767416954041</RawString>
        <JSON>{"compiler-options":{"compiler-type":"CC","compiler":"gcc","compiler-options":"-O3 -fomit-frame-pointer -ffast-math -pipe -lncurses -lm"}}</JSON>
      </Entry>
    </Data>
  </Result>
  <Result>
    <Identifier>pts/encode-wavpack-1.2.0</Identifier>
    <Title>WavPack Audio Encoding</Title>
    <AppVersion>4.41.0</AppVersion>
    <Arguments></Arguments>
    <Description>WAV To WavPack</Description>
    <Scale>Seconds</Scale>
    <Proportion>LIB</Proportion>
    <DisplayFormat>BAR_GRAPH</DisplayFormat>
    <Data>
      <Entry>
        <Identifier>encoding-conf</Identifier>
        <Value>11.00</Value>
        <RawString>10.99187707901:11.003643989563:11.018273830414:11.002213954926:11.00505399704</RawString>
        <JSON>{"compiler-options":{"compiler-type":"CC","compiler":"gcc","compiler-options":"-O2 -lm"}}</JSON>
      </Entry>
    </Data>
  </Result>
</PhoronixTestSuite>
